<?xml version="1.0" encoding="UTF-8"?>
<!-- Generated by org.testng.reporters.JUnitXMLReporter -->
<testsuite ignored="0" hostname="DESKTOP-8VUSPTS" failures="0" tests="16" name="Surefire test" time="8.161" errors="0" timestamp="2024-12-02T16:17:49 EET">
  <testcase classname="saucedemo.testCases.TestExecution" name="TC1" time="0.183"/>
  <testcase classname="saucedemo.testCases.TestExecution" name="TC2" time="0.163"/>
  <testcase classname="saucedemo.testCases.TestExecution" name="TC3" time="0.275"/>
  <testcase classname="saucedemo.testCases.TestExecution" name="TC4" time="0.214"/>
  <testcase classname="saucedemo.testCases.TestExecution" name="TC5" time="0.009"/>
  <testcase classname="saucedemo.testCases.TestExecution" name="TC6" time="0.017"/>
  <testcase classname="saucedemo.testCases.TestExecution" name="TC7" time="0.301"/>
  <testcase classname="saucedemo.testCases.TestExecution" name="TC8" time="0.268"/>
  <testcase classname="saucedemo.testCases.TestExecution" name="TC9" time="0.108"/>
  <testcase classname="saucedemo.testCases.TestExecution" name="TC10" time="3.31"/>
  <testcase classname="saucedemo.testCases.TestExecution" name="TC11" time="0.027"/>
  <testcase classname="saucedemo.testCases.TestExecution" name="TC12" time="0.416"/>
  <testcase classname="saucedemo.testCases.TestExecution" name="TC13" time="0.493"/>
  <testcase classname="saucedemo.testCases.TestExecution" name="TC14" time="0.175"/>
  <testcase classname="saucedemo.testCases.TestExecution" name="TC15" time="0.23"/>
  <testcase classname="saucedemo.testCases.TestExecution" name="TC16" time="0.101"/>
</testsuite> <!-- Surefire test -->
