<?xml version="1.0" encoding="UTF-8"?>
<!-- Generated by org.testng.reporters.JUnitXMLReporter -->
<testsuite ignored="0" hostname="Test" failures="0" tests="16" name="Default test" time="7.688" errors="0" timestamp="2025-01-20T12:32:40 EET">
  <testcase classname="saucedemo.testCases.TestExecution" name="TC1" time="0.137"/>
  <testcase classname="saucedemo.testCases.TestExecution" name="TC2" time="0.149"/>
  <testcase classname="saucedemo.testCases.TestExecution" name="TC3" time="0.241"/>
  <testcase classname="saucedemo.testCases.TestExecution" name="TC4" time="0.233"/>
  <testcase classname="saucedemo.testCases.TestExecution" name="TC5" time="0.01"/>
  <testcase classname="saucedemo.testCases.TestExecution" name="TC6" time="0.02"/>
  <testcase classname="saucedemo.testCases.TestExecution" name="TC7" time="0.28"/>
  <testcase classname="saucedemo.testCases.TestExecution" name="TC8" time="0.209"/>
  <testcase classname="saucedemo.testCases.TestExecution" name="TC9" time="0.051"/>
  <testcase classname="saucedemo.testCases.TestExecution" name="TC10" time="3.234"/>
  <testcase classname="saucedemo.testCases.TestExecution" name="TC11" time="0.024"/>
  <testcase classname="saucedemo.testCases.TestExecution" name="TC12" time="0.501"/>
  <testcase classname="saucedemo.testCases.TestExecution" name="TC13" time="0.415"/>
  <testcase classname="saucedemo.testCases.TestExecution" name="TC14" time="0.148"/>
  <testcase classname="saucedemo.testCases.TestExecution" name="TC15" time="0.19"/>
  <testcase classname="saucedemo.testCases.TestExecution" name="TC16" time="0.076"/>
</testsuite> <!-- Default test -->
