<?xml version="1.0" encoding="UTF-8"?>
<!-- Generated by org.testng.reporters.JUnitXMLReporter -->
<testsuite ignored="0" hostname="Test" failures="0" tests="16" name="Default test" time="8.512" errors="0" timestamp="2025-01-29T17:57:11 EET">
  <testcase classname="saucedemo.testCases.TestExecution" name="TC1" time="0.157"/>
  <testcase classname="saucedemo.testCases.TestExecution" name="TC2" time="0.196"/>
  <testcase classname="saucedemo.testCases.TestExecution" name="TC3" time="0.27"/>
  <testcase classname="saucedemo.testCases.TestExecution" name="TC4" time="0.22"/>
  <testcase classname="saucedemo.testCases.TestExecution" name="TC5" time="0.009"/>
  <testcase classname="saucedemo.testCases.TestExecution" name="TC6" time="0.014"/>
  <testcase classname="saucedemo.testCases.TestExecution" name="TC7" time="0.243"/>
  <testcase classname="saucedemo.testCases.TestExecution" name="TC8" time="0.222"/>
  <testcase classname="saucedemo.testCases.TestExecution" name="TC9" time="0.048"/>
  <testcase classname="saucedemo.testCases.TestExecution" name="TC10" time="3.293"/>
  <testcase classname="saucedemo.testCases.TestExecution" name="TC11" time="0.028"/>
  <testcase classname="saucedemo.testCases.TestExecution" name="TC12" time="0.601"/>
  <testcase classname="saucedemo.testCases.TestExecution" name="TC13" time="0.571"/>
  <testcase classname="saucedemo.testCases.TestExecution" name="TC14" time="0.2"/>
  <testcase classname="saucedemo.testCases.TestExecution" name="TC15" time="0.253"/>
  <testcase classname="saucedemo.testCases.TestExecution" name="TC16" time="0.129"/>
</testsuite> <!-- Default test -->
