<?xml version="1.0" encoding="UTF-8"?>
<!-- Generated by org.testng.reporters.JUnitXMLReporter -->
<testsuite ignored="0" hostname="DESKTOP-8VUSPTS" failures="0" tests="16" name="Test 1" time="7.853" errors="0" timestamp="2024-12-02T16:14:36 EET">
  <testcase classname="saucedemo.testCases.TestExecution" name="TC1" time="0.164"/>
  <testcase classname="saucedemo.testCases.TestExecution" name="TC2" time="0.143"/>
  <testcase classname="saucedemo.testCases.TestExecution" name="TC3" time="0.261"/>
  <testcase classname="saucedemo.testCases.TestExecution" name="TC4" time="0.207"/>
  <testcase classname="saucedemo.testCases.TestExecution" name="TC5" time="0.012"/>
  <testcase classname="saucedemo.testCases.TestExecution" name="TC6" time="0.021"/>
  <testcase classname="saucedemo.testCases.TestExecution" name="TC7" time="0.268"/>
  <testcase classname="saucedemo.testCases.TestExecution" name="TC8" time="0.239"/>
  <testcase classname="saucedemo.testCases.TestExecution" name="TC9" time="0.058"/>
  <testcase classname="saucedemo.testCases.TestExecution" name="TC10" time="3.228"/>
  <testcase classname="saucedemo.testCases.TestExecution" name="TC11" time="0.021"/>
  <testcase classname="saucedemo.testCases.TestExecution" name="TC12" time="0.476"/>
  <testcase classname="saucedemo.testCases.TestExecution" name="TC13" time="0.45"/>
  <testcase classname="saucedemo.testCases.TestExecution" name="TC14" time="0.146"/>
  <testcase classname="saucedemo.testCases.TestExecution" name="TC15" time="0.196"/>
  <testcase classname="saucedemo.testCases.TestExecution" name="TC16" time="0.089"/>
</testsuite> <!-- Test 1 -->
