<?xml version="1.0" encoding="UTF-8"?>
<!-- Generated by org.testng.reporters.JUnitXMLReporter -->
<testsuite ignored="0" hostname="DESKTOP-8VUSPTS" failures="0" tests="16" name="Test 1" time="7.98" errors="0" timestamp="2024-11-29T16:44:04 EET">
  <testcase classname="TestCases.TestExecution" name="TC1" time="0.183"/>
  <testcase classname="TestCases.TestExecution" name="TC2" time="0.151"/>
  <testcase classname="TestCases.TestExecution" name="TC3" time="0.279"/>
  <testcase classname="TestCases.TestExecution" name="TC4" time="0.194"/>
  <testcase classname="TestCases.TestExecution" name="TC5" time="0.009"/>
  <testcase classname="TestCases.TestExecution" name="TC6" time="0.018"/>
  <testcase classname="TestCases.TestExecution" name="TC7" time="0.26"/>
  <testcase classname="TestCases.TestExecution" name="TC8" time="0.224"/>
  <testcase classname="TestCases.TestExecution" name="TC9" time="0.056"/>
  <testcase classname="TestCases.TestExecution" name="TC10" time="3.238"/>
  <testcase classname="TestCases.TestExecution" name="TC11" time="0.024"/>
  <testcase classname="TestCases.TestExecution" name="TC12" time="0.434"/>
  <testcase classname="TestCases.TestExecution" name="TC13" time="0.529"/>
  <testcase classname="TestCases.TestExecution" name="TC14" time="0.149"/>
  <testcase classname="TestCases.TestExecution" name="TC15" time="0.228"/>
  <testcase classname="TestCases.TestExecution" name="TC16" time="0.1"/>
</testsuite> <!-- Test 1 -->
