<?xml version="1.0" encoding="UTF-8"?>
<!-- Generated by org.testng.reporters.JUnitXMLReporter -->
<testsuite ignored="0" hostname="Test" failures="1" tests="16" name="Test 1" time="3.157" errors="0" timestamp="2025-06-27T15:17:50 EEST">
  <testcase classname="saucedemo.testCases.TestExecution" name="TC1" time="0.154"/>
  <testcase classname="saucedemo.testCases.TestExecution" name="TC2" time="0.133"/>
  <testcase classname="saucedemo.testCases.TestExecution" name="TC3" time="0.212"/>
  <testcase classname="saucedemo.testCases.TestExecution" name="TC4" time="0.168"/>
  <testcase classname="saucedemo.testCases.TestExecution" name="TC5" time="0.007"/>
  <testcase classname="saucedemo.testCases.TestExecution" name="TC6" time="0.012"/>
  <testcase classname="saucedemo.testCases.TestExecution" name="TC7" time="0.229"/>
  <testcase classname="saucedemo.testCases.TestExecution" name="TC8" time="0.206"/>
  <testcase classname="saucedemo.testCases.TestExecution" name="TC9" time="0.041"/>
  <testcase classname="saucedemo.testCases.TestExecution" name="TC10" time="0.273"/>
  <testcase classname="saucedemo.testCases.TestExecution" name="TC11" time="0.016">
    <failure type="java.lang.NumberFormatException" message="For input string: &amp;quot;&amp;quot;">
      <![CDATA[java.lang.NumberFormatException: For input string: ""
at java.base/java.lang.NumberFormatException.forInputString(NumberFormatException.java:67)
at java.base/java.lang.Integer.parseInt(Integer.java:678)
at java.base/java.lang.Integer.parseInt(Integer.java:786)
at saucedemo.pageObject.ProductCatalog.cartIconNumberAssertion(ProductCatalog.java:168)
at saucedemo.testCases.TestExecution.TC11(TestExecution.java:94)
at java.base/java.util.ArrayList.forEach(ArrayList.java:1511)
... Removed 31 stack frames]]>
    </failure>
  </testcase> <!-- TC11 -->
  <testcase classname="saucedemo.testCases.TestExecution" name="TC12" time="0.0">
    <skipped/>
  </testcase> <!-- TC12 -->
  <testcase classname="saucedemo.testCases.TestExecution" name="TC13" time="0.0">
    <skipped/>
  </testcase> <!-- TC13 -->
  <testcase classname="saucedemo.testCases.TestExecution" name="TC14" time="0.0">
    <skipped/>
  </testcase> <!-- TC14 -->
  <testcase classname="saucedemo.testCases.TestExecution" name="TC15" time="0.0">
    <skipped/>
  </testcase> <!-- TC15 -->
  <testcase classname="saucedemo.testCases.TestExecution" name="TC16" time="0.0">
    <skipped/>
  </testcase> <!-- TC16 -->
</testsuite> <!-- Test 1 -->
