<?xml version="1.0" encoding="UTF-8"?>
<!-- Generated by org.testng.reporters.JUnitXMLReporter -->
<testsuite ignored="0" hostname="Test" failures="0" tests="16" name="Test 1" time="9.19" errors="0" timestamp="2024-12-17T10:01:43 EET">
  <testcase classname="saucedemo.testCases.TestExecution" name="TC1" time="0.246"/>
  <testcase classname="saucedemo.testCases.TestExecution" name="TC2" time="0.208"/>
  <testcase classname="saucedemo.testCases.TestExecution" name="TC3" time="0.395"/>
  <testcase classname="saucedemo.testCases.TestExecution" name="TC4" time="0.293"/>
  <testcase classname="saucedemo.testCases.TestExecution" name="TC5" time="0.014"/>
  <testcase classname="saucedemo.testCases.TestExecution" name="TC6" time="0.018"/>
  <testcase classname="saucedemo.testCases.TestExecution" name="TC7" time="0.27"/>
  <testcase classname="saucedemo.testCases.TestExecution" name="TC8" time="0.235"/>
  <testcase classname="saucedemo.testCases.TestExecution" name="TC9" time="0.053"/>
  <testcase classname="saucedemo.testCases.TestExecution" name="TC10" time="3.273"/>
  <testcase classname="saucedemo.testCases.TestExecution" name="TC11" time="0.037"/>
  <testcase classname="saucedemo.testCases.TestExecution" name="TC12" time="0.585"/>
  <testcase classname="saucedemo.testCases.TestExecution" name="TC13" time="0.45"/>
  <testcase classname="saucedemo.testCases.TestExecution" name="TC14" time="0.14"/>
  <testcase classname="saucedemo.testCases.TestExecution" name="TC15" time="0.16"/>
  <testcase classname="saucedemo.testCases.TestExecution" name="TC16" time="0.073"/>
</testsuite> <!-- Test 1 -->
