<?xml version="1.0" encoding="UTF-8"?>
<testsuite xmlns:xsi="http://www.w3.org/2001/XMLSchema-instance" xsi:noNamespaceSchemaLocation="https://maven.apache.org/surefire/maven-surefire-plugin/xsd/surefire-test-report.xsd" version="3.0.1" name="saucedemo.testCases.TestExecution" time="8.684" tests="16" errors="0" skipped="0" failures="0">
  <properties>
[...]
</properties>
  <testcase name="TC1" classname="saucedemo.testCases.TestExecution" time="0.179">
    <system-err><![CDATA[SLF4J: Failed to load class "org.slf4j.impl.StaticLoggerBinder".
SLF4J: Defaulting to no-operation (NOP) logger implementation
SLF4J: See http://www.slf4j.org/codes.html#StaticLoggerBinder for further details.
]]></system-err>
  </testcase>
  <testcase name="TC2" classname="saucedemo.testCases.TestExecution" time="0.161"/>
  <testcase name="TC3" classname="saucedemo.testCases.TestExecution" time="0.271"/>
  <testcase name="TC4[standard_user, secret_sauce](1)" classname="saucedemo.testCases.TestExecution" time="0.21"/>
  <testcase name="TC5" classname="saucedemo.testCases.TestExecution" time="0.008"/>
  <testcase name="TC6" classname="saucedemo.testCases.TestExecution" time="0.019"/>
  <testcase name="TC7" classname="saucedemo.testCases.TestExecution" time="0.297"/>
  <testcase name="TC8" classname="saucedemo.testCases.TestExecution" time="0.249"/>
  <testcase name="TC9" classname="saucedemo.testCases.TestExecution" time="0.063"/>
  <testcase name="TC10" classname="saucedemo.testCases.TestExecution" time="3.305"/>
  <testcase name="TC11" classname="saucedemo.testCases.TestExecution" time="0.022"/>
  <testcase name="TC12" classname="saucedemo.testCases.TestExecution" time="0.463"/>
  <testcase name="TC13" classname="saucedemo.testCases.TestExecution" time="0.485"/>
  <testcase name="TC14" classname="saucedemo.testCases.TestExecution" time="0.175"/>
  <testcase name="TC15" classname="saucedemo.testCases.TestExecution" time="0.254"/>
  <testcase name="TC16" classname="saucedemo.testCases.TestExecution" time="0.118"/>
</testsuite>