<?xml version="1.0" encoding="UTF-8"?>
<testsuite xmlns:xsi="http://www.w3.org/2001/XMLSchema-instance" xsi:noNamespaceSchemaLocation="https://maven.apache.org/surefire/maven-surefire-plugin/xsd/surefire-test-report.xsd" version="3.0.2" name="TestSuite" time="7.699" tests="16" errors="0" skipped="0" failures="0">
  <properties>
[...]
</properties>
  <testcase name="TC1" classname="saucedemo.testCases.TestExecution" time="0.163">
    <system-err><![CDATA[SLF4J(W): No SLF4J providers were found.
SLF4J(W): Defaulting to no-operation (NOP) logger implementation
SLF4J(W): See https://www.slf4j.org/codes.html#noProviders for further details.
]]></system-err>
  </testcase>
  <testcase name="TC2" classname="saucedemo.testCases.TestExecution" time="0.162"/>
  <testcase name="TC3" classname="saucedemo.testCases.TestExecution" time="0.23"/>
  <testcase name="TC4[standard_user, secret_sauce](1)" classname="saucedemo.testCases.TestExecution" time="0.188"/>
  <testcase name="TC5" classname="saucedemo.testCases.TestExecution" time="0.016"/>
  <testcase name="TC6" classname="saucedemo.testCases.TestExecution" time="0.024"/>
  <testcase name="TC7" classname="saucedemo.testCases.TestExecution" time="0.288"/>
  <testcase name="TC8" classname="saucedemo.testCases.TestExecution" time="0.239"/>
  <testcase name="TC9" classname="saucedemo.testCases.TestExecution" time="0.07"/>
  <testcase name="TC10" classname="saucedemo.testCases.TestExecution" time="0.39"/>
  <testcase name="TC11" classname="saucedemo.testCases.TestExecution" time="0.031"/>
  <testcase name="TC12" classname="saucedemo.testCases.TestExecution" time="0.706"/>
  <testcase name="TC13" classname="saucedemo.testCases.TestExecution" time="0.714"/>
  <testcase name="TC14" classname="saucedemo.testCases.TestExecution" time="0.26"/>
  <testcase name="TC15" classname="saucedemo.testCases.TestExecution" time="0.365"/>
  <testcase name="TC16" classname="saucedemo.testCases.TestExecution" time="0.144"/>
</testsuite>