<?xml version="1.0" encoding="UTF-8"?>
<testng-results ignored="0" total="16" passed="16" failed="0" skipped="0">
  <reporter-output>
  </reporter-output>
  <suite started-at="2025-03-10T12:15:58 EET" name="Suite" finished-at="2025-03-10T12:16:06 EET" duration-ms="8149">
    <groups>
    </groups>
    <test started-at="2025-03-10T12:15:58 EET" name="Test 1" finished-at="2025-03-10T12:16:06 EET" duration-ms="8149">
      <class name="saucedemo.testCases.TestExecution">
        <test-method is-config="true" signature="setUP()[pri:0, instance:saucedemo.testCases.TestExecution@4a07d605]" started-at="2025-03-10T12:15:58 EET" name="setUP" finished-at="2025-03-10T12:16:00 EET" duration-ms="1893" status="PASS">
          <reporter-output>
          </reporter-output>
        </test-method> <!-- setUP -->
        <test-method signature="TC1()[pri:0, instance:saucedemo.testCases.TestExecution@4a07d605]" started-at="2025-03-10T12:16:00 EET" name="TC1" finished-at="2025-03-10T12:16:00 EET" duration-ms="149" status="PASS">
          <reporter-output>
          </reporter-output>
        </test-method> <!-- TC1 -->
        <test-method signature="TC2()[pri:0, instance:saucedemo.testCases.TestExecution@4a07d605]" started-at="2025-03-10T12:16:00 EET" name="TC2" finished-at="2025-03-10T12:16:00 EET" depends-on-methods="saucedemo.testCases.TestExecution.TC1" duration-ms="174" status="PASS">
          <reporter-output>
          </reporter-output>
        </test-method> <!-- TC2 -->
        <test-method signature="TC3()[pri:0, instance:saucedemo.testCases.TestExecution@4a07d605]" started-at="2025-03-10T12:16:00 EET" name="TC3" finished-at="2025-03-10T12:16:01 EET" depends-on-methods="saucedemo.testCases.TestExecution.TC2" duration-ms="235" status="PASS">
          <reporter-output>
          </reporter-output>
        </test-method> <!-- TC3 -->
        <test-method signature="TC4(java.lang.String,java.lang.String)[pri:0, instance:saucedemo.testCases.TestExecution@4a07d605]" started-at="2025-03-10T12:16:01 EET" name="TC4" data-provider="getData" finished-at="2025-03-10T12:16:01 EET" depends-on-methods="saucedemo.testCases.TestExecution.TC3" duration-ms="162" status="PASS">
          <params>
            <param index="0">
              <value>
                <![CDATA[standard_user]]>
              </value>
            </param>
            <param index="1">
              <value>
                <![CDATA[secret_sauce]]>
              </value>
            </param>
          </params>
          <reporter-output>
          </reporter-output>
        </test-method> <!-- TC4 -->
        <test-method signature="TC5()[pri:0, instance:saucedemo.testCases.TestExecution@4a07d605]" started-at="2025-03-10T12:16:01 EET" name="TC5" finished-at="2025-03-10T12:16:01 EET" depends-on-methods="saucedemo.testCases.TestExecution.TC4" duration-ms="8" status="PASS">
          <reporter-output>
          </reporter-output>
        </test-method> <!-- TC5 -->
        <test-method signature="TC6()[pri:0, instance:saucedemo.testCases.TestExecution@4a07d605]" started-at="2025-03-10T12:16:01 EET" name="TC6" finished-at="2025-03-10T12:16:01 EET" depends-on-methods="saucedemo.testCases.TestExecution.TC5" duration-ms="19" status="PASS">
          <reporter-output>
          </reporter-output>
        </test-method> <!-- TC6 -->
        <test-method signature="TC7()[pri:0, instance:saucedemo.testCases.TestExecution@4a07d605]" started-at="2025-03-10T12:16:01 EET" name="TC7" finished-at="2025-03-10T12:16:01 EET" depends-on-methods="saucedemo.testCases.TestExecution.TC6" duration-ms="219" status="PASS">
          <reporter-output>
          </reporter-output>
        </test-method> <!-- TC7 -->
        <test-method signature="TC8()[pri:0, instance:saucedemo.testCases.TestExecution@4a07d605]" started-at="2025-03-10T12:16:01 EET" name="TC8" finished-at="2025-03-10T12:16:01 EET" depends-on-methods="saucedemo.testCases.TestExecution.TC7" duration-ms="206" status="PASS">
          <reporter-output>
          </reporter-output>
        </test-method> <!-- TC8 -->
        <test-method signature="TC9()[pri:0, instance:saucedemo.testCases.TestExecution@4a07d605]" started-at="2025-03-10T12:16:01 EET" name="TC9" finished-at="2025-03-10T12:16:01 EET" depends-on-methods="saucedemo.testCases.TestExecution.TC8" duration-ms="47" status="PASS">
          <reporter-output>
          </reporter-output>
        </test-method> <!-- TC9 -->
        <test-method signature="TC10()[pri:0, instance:saucedemo.testCases.TestExecution@4a07d605]" started-at="2025-03-10T12:16:01 EET" name="TC10" finished-at="2025-03-10T12:16:05 EET" depends-on-methods="saucedemo.testCases.TestExecution.TC9" duration-ms="3263" status="PASS">
          <reporter-output>
          </reporter-output>
        </test-method> <!-- TC10 -->
        <test-method signature="TC11()[pri:0, instance:saucedemo.testCases.TestExecution@4a07d605]" started-at="2025-03-10T12:16:05 EET" name="TC11" finished-at="2025-03-10T12:16:05 EET" depends-on-methods="saucedemo.testCases.TestExecution.TC10" duration-ms="13" status="PASS">
          <reporter-output>
          </reporter-output>
        </test-method> <!-- TC11 -->
        <test-method signature="TC12()[pri:0, instance:saucedemo.testCases.TestExecution@4a07d605]" started-at="2025-03-10T12:16:05 EET" name="TC12" finished-at="2025-03-10T12:16:05 EET" depends-on-methods="saucedemo.testCases.TestExecution.TC11" duration-ms="493" status="PASS">
          <reporter-output>
          </reporter-output>
        </test-method> <!-- TC12 -->
        <test-method signature="TC13()[pri:0, instance:saucedemo.testCases.TestExecution@4a07d605]" started-at="2025-03-10T12:16:05 EET" name="TC13" finished-at="2025-03-10T12:16:06 EET" depends-on-methods="saucedemo.testCases.TestExecution.TC12" duration-ms="534" status="PASS">
          <reporter-output>
          </reporter-output>
        </test-method> <!-- TC13 -->
        <test-method signature="TC14()[pri:0, instance:saucedemo.testCases.TestExecution@4a07d605]" started-at="2025-03-10T12:16:06 EET" name="TC14" finished-at="2025-03-10T12:16:06 EET" depends-on-methods="saucedemo.testCases.TestExecution.TC13" duration-ms="178" status="PASS">
          <reporter-output>
          </reporter-output>
        </test-method> <!-- TC14 -->
        <test-method signature="TC15()[pri:0, instance:saucedemo.testCases.TestExecution@4a07d605]" started-at="2025-03-10T12:16:06 EET" name="TC15" finished-at="2025-03-10T12:16:06 EET" depends-on-methods="saucedemo.testCases.TestExecution.TC14" duration-ms="245" status="PASS">
          <reporter-output>
          </reporter-output>
        </test-method> <!-- TC15 -->
        <test-method signature="TC16()[pri:0, instance:saucedemo.testCases.TestExecution@4a07d605]" started-at="2025-03-10T12:16:06 EET" name="TC16" finished-at="2025-03-10T12:16:06 EET" depends-on-methods="saucedemo.testCases.TestExecution.TC15" duration-ms="116" status="PASS">
          <reporter-output>
          </reporter-output>
        </test-method> <!-- TC16 -->
        <test-method is-config="true" signature="tearDown()[pri:0, instance:saucedemo.testCases.TestExecution@4a07d605]" started-at="2025-03-10T12:16:06 EET" name="tearDown" finished-at="2025-03-10T12:16:06 EET" duration-ms="138" status="PASS">
          <reporter-output>
          </reporter-output>
        </test-method> <!-- tearDown -->
      </class> <!-- saucedemo.testCases.TestExecution -->
    </test> <!-- Test 1 -->
  </suite> <!-- Suite -->
</testng-results>
