<?xml version="1.0" encoding="UTF-8"?>
<!-- Generated by org.testng.reporters.JUnitReportReporter -->
<testsuite hostname="DESKTOP-8VUSPTS" failures="0" tests="16" name="Project1.Selenium.TestExecution" time="7.332" errors="0" timestamp="2024-10-16T14:45:58 EEST" skipped="0">
  <testcase classname="Project1.Selenium.TestExecution" name="TC3" time="0.110"/>
  <testcase classname="Project1.Selenium.TestExecution" name="TC1" time="0.139"/>
  <testcase classname="Project1.Selenium.TestExecution" name="TC6" time="0.016"/>
  <testcase classname="Project1.Selenium.TestExecution" name="TC10" time="5.242"/>
  <testcase classname="Project1.Selenium.TestExecution" name="TC16" time="0.090"/>
  <testcase classname="Project1.Selenium.TestExecution" name="TC2" time="0.163"/>
  <testcase classname="Project1.Selenium.TestExecution" name="TC11" time="0.021"/>
  <testcase classname="Project1.Selenium.TestExecution" name="TC13" time="0.525"/>
  <testcase classname="Project1.Selenium.TestExecution" name="TC14" time="0.064"/>
  <testcase classname="Project1.Selenium.TestExecution" name="TC15" time="0.114"/>
  <testcase classname="Project1.Selenium.TestExecution" name="TC5" time="0.009"/>
  <testcase classname="Project1.Selenium.TestExecution" name="TC7" time="0.172"/>
  <testcase classname="Project1.Selenium.TestExecution" name="TC8" time="0.128"/>
  <testcase classname="Project1.Selenium.TestExecution" name="TC9" time="0.063"/>
  <testcase classname="Project1.Selenium.TestExecution" name="TC4" time="0.174"/>
  <testcase classname="Project1.Selenium.TestExecution" name="TC12" time="0.302"/>
</testsuite> <!-- Project1.Selenium.TestExecution -->
